This file contains any messages produced by compilers while
running configure, to aid debugging if configure makes a mistake.

It was created by mod_swift configure 0.1, which was
generated by GNU Autoconf 2.69.  Invocation command line was

  $ ./configure 

## --------- ##
## Platform. ##
## --------- ##

hostname = alpha.surfertank.com
uname -m = x86_64
uname -r = 15.0.0
uname -s = Darwin
uname -v = Darwin Kernel Version 15.0.0: Sat Sep 19 15:53:46 PDT 2015; root:xnu-3247.10.11~1/RELEASE_X86_64

/usr/bin/uname -p = i386
/bin/uname -X     = unknown

/bin/arch              = unknown
/usr/bin/arch -k       = unknown
/usr/convex/getsysinfo = unknown
/usr/bin/hostinfo      = Mach kernel version:
	 Darwin Kernel Version 15.0.0: Sat Sep 19 15:53:46 PDT 2015; root:xnu-3247.10.11~1/RELEASE_X86_64
Kernel configured for up to 8 processors.
4 processors are physically available.
8 processors are logically available.
Processor type: i486 (Intel 80486)
Processors active: 0 1 2 3 4 5 6 7
Primary memory available: 16.00 gigabytes
Default processor set: 384 tasks, 1867 threads, 8 processors
Load average: 2.03, Mach factor: 5.96
/bin/machine           = unknown
/usr/bin/oslevel       = unknown
/bin/universe          = unknown

PATH: /usr/local/Cellar/php56/5.6.14/bin
PATH: /usr/local/sbin
PATH: /usr/local/bin
PATH: /usr/bin
PATH: /bin
PATH: /usr/sbin
PATH: /sbin
PATH: /opt/X11/bin
PATH: /Applications/Server.app/Contents/ServerRoot/usr/bin
PATH: /Applications/Server.app/Contents/ServerRoot/usr/sbin
PATH: /usr/local/opt/glassfish/libexec/bin
PATH: /usr/oracle/instantclient
PATH: /usr/local/sbin


## ----------- ##
## Core tests. ##
## ----------- ##

configure:2170: checking for a BSD-compatible install
configure:2238: result: /usr/bin/install -c
configure:2249: checking whether build environment is sane
configure:2304: result: yes
configure:2455: checking for a thread-safe mkdir -p
configure:2494: result: ./install-sh -c -d
configure:2501: checking for gawk
configure:2531: result: no
configure:2501: checking for mawk
configure:2531: result: no
configure:2501: checking for nawk
configure:2531: result: no
configure:2501: checking for awk
configure:2517: found /usr/bin/awk
configure:2528: result: awk
configure:2539: checking whether make sets $(MAKE)
configure:2561: result: yes
configure:2590: checking whether make supports nested variables
configure:2607: result: yes
configure:2845: checking that generated files are newer than configure
configure:2851: result: done
configure:2859: creating ./config.status

## ---------------------- ##
## Running config.status. ##
## ---------------------- ##

This file was extended by mod_swift config.status 0.1, which was
generated by GNU Autoconf 2.69.  Invocation command line was

  CONFIG_FILES    = 
  CONFIG_HEADERS  = 
  CONFIG_LINKS    = 
  CONFIG_COMMANDS = 
  $ ./config.status 

on alpha.surfertank.com

config.status:860: creating Makefile
config.status:860: creating src/Makefile
config.status:860: creating config.h
config.status:1041: config.h is unchanged
configure:4097: checking build system type
configure:4111: result: x86_64-apple-darwin15.0.0
configure:4131: checking host system type
configure:4144: result: x86_64-apple-darwin15.0.0
configure:4185: checking how to print strings
configure:4212: result: printf
configure:4245: checking for style of include used by make
configure:4273: result: GNU
configure:4344: checking for gcc
configure:4360: found /usr/bin/gcc
configure:4371: result: gcc
configure:4600: checking for C compiler version
configure:4609: gcc --version >&5
Apple LLVM version 7.0.0 (clang-700.1.76)
Target: x86_64-apple-darwin15.0.0
Thread model: posix
Configured with: --prefix=/Applications/Xcode.app/Contents/Developer/usr --with-gxx-include-dir=/Applications/Xcode.app/Contents/Developer/Platforms/MacOSX.platform/Developer/SDKs/MacOSX10.11.sdk/usr/include/c++/4.2.1
configure:4620: $? = 0
configure:4609: gcc -v >&5
Configured with: --prefix=/Applications/Xcode.app/Contents/Developer/usr --with-gxx-include-dir=/Applications/Xcode.app/Contents/Developer/Platforms/MacOSX.platform/Developer/SDKs/MacOSX10.11.sdk/usr/include/c++/4.2.1
Apple LLVM version 7.0.0 (clang-700.1.76)
Target: x86_64-apple-darwin15.0.0
Thread model: posix
configure:4620: $? = 0
configure:4609: gcc -V >&5
clang: error: argument to '-V' is missing (expected 1 value)
clang: error: no input files
configure:4620: $? = 1
configure:4609: gcc -qversion >&5
clang: error: unknown argument: '-qversion'
clang: error: no input files
configure:4620: $? = 1
configure:4640: checking whether the C compiler works
configure:4662: gcc    conftest.c  >&5
configure:4666: $? = 0
configure:4714: result: yes
configure:4717: checking for C compiler default output file name
configure:4719: result: a.out
configure:4725: checking for suffix of executables
configure:4732: gcc -o conftest    conftest.c  >&5
configure:4736: $? = 0
configure:4758: result: 
configure:4780: checking whether we are cross compiling
configure:4788: gcc -o conftest    conftest.c  >&5
configure:4792: $? = 0
configure:4799: ./conftest
configure:4803: $? = 0
configure:4818: result: no
configure:4823: checking for suffix of object files
configure:4845: gcc -c   conftest.c >&5
configure:4849: $? = 0
configure:4870: result: o
configure:4874: checking whether we are using the GNU C compiler
configure:4893: gcc -c   conftest.c >&5
configure:4893: $? = 0
configure:4902: result: yes
configure:4911: checking whether gcc accepts -g
configure:4931: gcc -c -g  conftest.c >&5
configure:4931: $? = 0
configure:4972: result: yes
configure:4989: checking for gcc option to accept ISO C89
configure:5052: gcc  -c -g -O2  conftest.c >&5
configure:5052: $? = 0
configure:5065: result: none needed
configure:5090: checking whether gcc understands -c and -o together
configure:5112: gcc -c conftest.c -o conftest2.o
configure:5115: $? = 0
configure:5112: gcc -c conftest.c -o conftest2.o
configure:5115: $? = 0
configure:5127: result: yes
configure:5146: checking dependency style of gcc
configure:5257: result: gcc3
configure:5272: checking for a sed that does not truncate output
configure:5336: result: /usr/bin/sed
configure:5354: checking for grep that handles long lines and -e
configure:5412: result: /usr/bin/grep
configure:5417: checking for egrep
configure:5479: result: /usr/bin/grep -E
configure:5484: checking for fgrep
configure:5546: result: /usr/bin/grep -F
configure:5581: checking for ld used by gcc
configure:5648: result: /Applications/Xcode.app/Contents/Developer/Toolchains/XcodeDefault.xctoolchain/usr/bin/ld
configure:5655: checking if the linker (/Applications/Xcode.app/Contents/Developer/Toolchains/XcodeDefault.xctoolchain/usr/bin/ld) is GNU ld
configure:5670: result: no
configure:5682: checking for BSD- or MS-compatible name lister (nm)
configure:5736: result: /usr/bin/nm
configure:5866: checking the name lister (/usr/bin/nm) interface
configure:5873: gcc -c -g -O2  conftest.c >&5
configure:5876: /usr/bin/nm "conftest.o"
configure:5879: output
00000000000001ec S _some_variable
configure:5886: result: BSD nm
configure:5889: checking whether ln -s works
configure:5893: result: yes
configure:5901: checking the maximum length of command line arguments
configure:6032: result: 196608
configure:6080: checking how to convert x86_64-apple-darwin15.0.0 file names to x86_64-apple-darwin15.0.0 format
configure:6120: result: func_convert_file_noop
configure:6127: checking how to convert x86_64-apple-darwin15.0.0 file names to toolchain format
configure:6147: result: func_convert_file_noop
configure:6154: checking for /Applications/Xcode.app/Contents/Developer/Toolchains/XcodeDefault.xctoolchain/usr/bin/ld option to reload object files
configure:6161: result: -r
configure:6235: checking for objdump
configure:6265: result: no
configure:6294: checking how to recognize dependent libraries
configure:6494: result: pass_all
configure:6579: checking for dlltool
configure:6609: result: no
configure:6639: checking how to associate runtime and link libraries
configure:6666: result: printf %s\n
configure:6727: checking for ar
configure:6743: found /usr/bin/ar
configure:6754: result: ar
configure:6791: checking for archiver @FILE support
configure:6808: gcc -c -g -O2  conftest.c >&5
configure:6808: $? = 0
configure:6811: ar cru libconftest.a @conftest.lst >&5
ar: @conftest.lst: No such file or directory
configure:6814: $? = 1
configure:6834: result: no
configure:6892: checking for strip
configure:6908: found /usr/bin/strip
configure:6919: result: strip
configure:6991: checking for ranlib
configure:7007: found /usr/bin/ranlib
configure:7018: result: ranlib
configure:7120: checking command to parse /usr/bin/nm output from gcc object
configure:7273: gcc -c -g -O2  conftest.c >&5
configure:7276: $? = 0
configure:7280: /usr/bin/nm conftest.o \| sed -n -e 's/^.*[ ]\([BCDEGRST][BCDEGRST]*\)[ ][ ]*\([_A-Za-z][_A-Za-z0-9]*\)$/\1 \2 \2/p' | sed '/ __gnu_lto/d' \> conftest.nm
configure:7283: $? = 0
cannot find nm_test_var in conftest.nm
configure:7273: gcc -c -g -O2  conftest.c >&5
configure:7276: $? = 0
configure:7280: /usr/bin/nm conftest.o \| sed -n -e 's/^.*[ ]\([BCDEGRST][BCDEGRST]*\)[ ][ ]*_\([_A-Za-z][_A-Za-z0-9]*\)$/\1 _\2 \2/p' | sed '/ __gnu_lto/d' \> conftest.nm
configure:7283: $? = 0
configure:7349: gcc -o conftest -g -O2   conftest.c conftstm.o >&5
warning: (x86_64)  could not find object file symbol for symbol _main
configure:7352: $? = 0
configure:7390: result: ok
configure:7437: checking for sysroot
configure:7467: result: no
configure:7474: checking for a working dd
configure:7512: result: /bin/dd
configure:7516: checking how to truncate binary pipes
configure:7531: result: /bin/dd bs=4096 count=1
configure:7860: checking for mt
configure:7890: result: no
configure:7910: checking if : is a manifest tool
configure:7916: : '-?'
configure:7924: result: no
configure:7980: checking for dsymutil
configure:7996: found /usr/bin/dsymutil
configure:8007: result: dsymutil
configure:8072: checking for nmedit
configure:8088: found /usr/bin/nmedit
configure:8099: result: nmedit
configure:8164: checking for lipo
configure:8180: found /usr/bin/lipo
configure:8191: result: lipo
configure:8256: checking for otool
configure:8272: found /usr/bin/otool
configure:8283: result: otool
configure:8348: checking for otool64
configure:8378: result: no
configure:8423: checking for -single_module linker flag
gcc -g -O2  -o libconftest.dylib -dynamiclib -Wl,-single_module conftest.c
configure:8456: result: yes
configure:8459: checking for -exported_symbols_list linker flag
configure:8479: gcc -o conftest -g -O2   -Wl,-exported_symbols_list,conftest.sym conftest.c  >&5
configure:8479: $? = 0
configure:8489: result: yes
configure:8492: checking for -force_load linker flag
gcc -g -O2 -c -o conftest.o conftest.c
ar cru libconftest.a conftest.o
ranlib libconftest.a
gcc -g -O2  -o conftest conftest.c -Wl,-force_load,./libconftest.a
configure:8524: result: yes
configure:8601: checking how to run the C preprocessor
configure:8632: gcc -E  conftest.c
configure:8632: $? = 0
configure:8646: gcc -E  conftest.c
conftest.c:11:10: fatal error: 'ac_nonexistent.h' file not found
#include <ac_nonexistent.h>
         ^
1 error generated.
configure:8646: $? = 1
configure: failed program was:
| /* confdefs.h */
| #define PACKAGE_NAME "mod_swift"
| #define PACKAGE_TARNAME "mod_swift"
| #define PACKAGE_VERSION "0.1"
| #define PACKAGE_STRING "mod_swift 0.1"
| #define PACKAGE_BUGREPORT "mod_swift@surfertank.com"
| #define PACKAGE_URL ""
| #define PACKAGE "mod_swift"
| #define VERSION "0.1"
| /* end confdefs.h.  */
| #include <ac_nonexistent.h>
configure:8671: result: gcc -E
configure:8691: gcc -E  conftest.c
configure:8691: $? = 0
configure:8705: gcc -E  conftest.c
conftest.c:11:10: fatal error: 'ac_nonexistent.h' file not found
#include <ac_nonexistent.h>
         ^
1 error generated.
configure:8705: $? = 1
configure: failed program was:
| /* confdefs.h */
| #define PACKAGE_NAME "mod_swift"
| #define PACKAGE_TARNAME "mod_swift"
| #define PACKAGE_VERSION "0.1"
| #define PACKAGE_STRING "mod_swift 0.1"
| #define PACKAGE_BUGREPORT "mod_swift@surfertank.com"
| #define PACKAGE_URL ""
| #define PACKAGE "mod_swift"
| #define VERSION "0.1"
| /* end confdefs.h.  */
| #include <ac_nonexistent.h>
configure:8734: checking for ANSI C header files
configure:8754: gcc -c -g -O2  conftest.c >&5
configure:8754: $? = 0
configure:8827: gcc -o conftest -g -O2   conftest.c  >&5
configure:8827: $? = 0
configure:8827: ./conftest
configure:8827: $? = 0
configure:8838: result: yes
configure:8851: checking for sys/types.h
configure:8851: gcc -c -g -O2  conftest.c >&5
configure:8851: $? = 0
configure:8851: result: yes
configure:8851: checking for sys/stat.h
configure:8851: gcc -c -g -O2  conftest.c >&5
configure:8851: $? = 0
configure:8851: result: yes
configure:8851: checking for stdlib.h
configure:8851: gcc -c -g -O2  conftest.c >&5
configure:8851: $? = 0
configure:8851: result: yes
configure:8851: checking for string.h
configure:8851: gcc -c -g -O2  conftest.c >&5
configure:8851: $? = 0
configure:8851: result: yes
configure:8851: checking for memory.h
configure:8851: gcc -c -g -O2  conftest.c >&5
configure:8851: $? = 0
configure:8851: result: yes
configure:8851: checking for strings.h
configure:8851: gcc -c -g -O2  conftest.c >&5
configure:8851: $? = 0
configure:8851: result: yes
configure:8851: checking for inttypes.h
configure:8851: gcc -c -g -O2  conftest.c >&5
configure:8851: $? = 0
configure:8851: result: yes
configure:8851: checking for stdint.h
configure:8851: gcc -c -g -O2  conftest.c >&5
configure:8851: $? = 0
configure:8851: result: yes
configure:8851: checking for unistd.h
configure:8851: gcc -c -g -O2  conftest.c >&5
configure:8851: $? = 0
configure:8851: result: yes
configure:8865: checking for dlfcn.h
configure:8865: gcc -c -g -O2  conftest.c >&5
configure:8865: $? = 0
configure:8865: result: yes
configure:9121: checking for objdir
configure:9136: result: .libs
configure:9400: checking if gcc supports -fno-rtti -fno-exceptions
configure:9418: gcc -c -g -O2  -fno-rtti -fno-exceptions conftest.c >&5
configure:9422: $? = 0
configure:9435: result: yes
configure:9793: checking for gcc option to produce PIC
configure:9800: result: -fno-common -DPIC
configure:9808: checking if gcc PIC flag -fno-common -DPIC works
configure:9826: gcc -c -g -O2  -fno-common -DPIC -DPIC conftest.c >&5
configure:9830: $? = 0
configure:9843: result: yes
configure:9872: checking if gcc static flag -static works
configure:9900: result: no
configure:9915: checking if gcc supports -c -o file.o
configure:9936: gcc -c -g -O2  -o out/conftest2.o conftest.c >&5
configure:9940: $? = 0
configure:9962: result: yes
configure:9970: checking if gcc supports -c -o file.o
configure:10017: result: yes
configure:10050: checking whether the gcc linker (/Applications/Xcode.app/Contents/Developer/Toolchains/XcodeDefault.xctoolchain/usr/bin/ld) supports shared libraries
configure:11309: result: yes
configure:11549: checking dynamic linker characteristics
configure:12367: result: darwin15.0.0 dyld
configure:12489: checking how to hardcode library paths into programs
configure:12514: result: immediate
configure:13062: checking whether stripping libraries is possible
configure:13076: result: yes
configure:13102: checking if libtool supports shared libraries
configure:13104: result: yes
configure:13107: checking whether to build shared libraries
configure:13132: result: yes
configure:13135: checking whether to build static libraries
configure:13139: result: yes
configure:13226: checking for gcc
configure:13253: result: gcc
configure:13482: checking for C compiler version
configure:13491: gcc --version >&5
Apple LLVM version 7.0.0 (clang-700.1.76)
Target: x86_64-apple-darwin15.0.0
Thread model: posix
Configured with: --prefix=/Applications/Xcode.app/Contents/Developer/usr --with-gxx-include-dir=/Applications/Xcode.app/Contents/Developer/Platforms/MacOSX.platform/Developer/SDKs/MacOSX10.11.sdk/usr/include/c++/4.2.1
configure:13502: $? = 0
configure:13491: gcc -v >&5
Configured with: --prefix=/Applications/Xcode.app/Contents/Developer/usr --with-gxx-include-dir=/Applications/Xcode.app/Contents/Developer/Platforms/MacOSX.platform/Developer/SDKs/MacOSX10.11.sdk/usr/include/c++/4.2.1
Apple LLVM version 7.0.0 (clang-700.1.76)
Target: x86_64-apple-darwin15.0.0
Thread model: posix
configure:13502: $? = 0
configure:13491: gcc -V >&5
clang: error: argument to '-V' is missing (expected 1 value)
clang: error: no input files
configure:13502: $? = 1
configure:13491: gcc -qversion >&5
clang: error: unknown argument: '-qversion'
clang: error: no input files
configure:13502: $? = 1
configure:13506: checking whether we are using the GNU C compiler
configure:13534: result: yes
configure:13543: checking whether gcc accepts -g
configure:13604: result: yes
configure:13621: checking for gcc option to accept ISO C89
configure:13697: result: none needed
configure:13722: checking whether gcc understands -c and -o together
configure:13759: result: yes
configure:13778: checking dependency style of gcc
configure:13889: result: gcc3
configure:14022: checking that generated files are newer than configure
configure:14028: result: done
configure:14055: creating ./config.status

## ---------------------- ##
## Running config.status. ##
## ---------------------- ##

This file was extended by mod_swift config.status 0.1, which was
generated by GNU Autoconf 2.69.  Invocation command line was

  CONFIG_FILES    = 
  CONFIG_HEADERS  = 
  CONFIG_LINKS    = 
  CONFIG_COMMANDS = 
  $ ./config.status 

on alpha.surfertank.com

config.status:1081: creating Makefile
config.status:1081: creating src/Makefile
config.status:1081: creating config.h
config.status:1262: config.h is unchanged
config.status:1310: executing depfiles commands
config.status:1310: executing libtool commands

## ---------------- ##
## Cache variables. ##
## ---------------- ##

ac_cv_build=x86_64-apple-darwin15.0.0
ac_cv_c_compiler_gnu=yes
ac_cv_env_CC_set=
ac_cv_env_CC_value=
ac_cv_env_CFLAGS_set=
ac_cv_env_CFLAGS_value=
ac_cv_env_CPPFLAGS_set=
ac_cv_env_CPPFLAGS_value=
ac_cv_env_CPP_set=
ac_cv_env_CPP_value=
ac_cv_env_LDFLAGS_set=
ac_cv_env_LDFLAGS_value=
ac_cv_env_LIBS_set=
ac_cv_env_LIBS_value=
ac_cv_env_LT_SYS_LIBRARY_PATH_set=
ac_cv_env_LT_SYS_LIBRARY_PATH_value=
ac_cv_env_build_alias_set=
ac_cv_env_build_alias_value=
ac_cv_env_host_alias_set=
ac_cv_env_host_alias_value=
ac_cv_env_target_alias_set=
ac_cv_env_target_alias_value=
ac_cv_header_dlfcn_h=yes
ac_cv_header_inttypes_h=yes
ac_cv_header_memory_h=yes
ac_cv_header_stdc=yes
ac_cv_header_stdint_h=yes
ac_cv_header_stdlib_h=yes
ac_cv_header_string_h=yes
ac_cv_header_strings_h=yes
ac_cv_header_sys_stat_h=yes
ac_cv_header_sys_types_h=yes
ac_cv_header_unistd_h=yes
ac_cv_host=x86_64-apple-darwin15.0.0
ac_cv_objext=o
ac_cv_path_EGREP='/usr/bin/grep -E'
ac_cv_path_FGREP='/usr/bin/grep -F'
ac_cv_path_GREP=/usr/bin/grep
ac_cv_path_SED=/usr/bin/sed
ac_cv_path_install='/usr/bin/install -c'
ac_cv_path_lt_DD=/bin/dd
ac_cv_prog_AWK=awk
ac_cv_prog_CPP='gcc -E'
ac_cv_prog_ac_ct_AR=ar
ac_cv_prog_ac_ct_CC=gcc
ac_cv_prog_ac_ct_DSYMUTIL=dsymutil
ac_cv_prog_ac_ct_LIPO=lipo
ac_cv_prog_ac_ct_NMEDIT=nmedit
ac_cv_prog_ac_ct_OTOOL=otool
ac_cv_prog_ac_ct_RANLIB=ranlib
ac_cv_prog_ac_ct_STRIP=strip
ac_cv_prog_cc_c89=
ac_cv_prog_cc_g=yes
ac_cv_prog_make_make_set=yes
am_cv_CC_dependencies_compiler_type=gcc3
am_cv_make_support_nested_variables=yes
am_cv_prog_cc_c_o=yes
lt_cv_apple_cc_single_mod=yes
lt_cv_ar_at_file=no
lt_cv_deplibs_check_method=pass_all
lt_cv_file_magic_cmd='$MAGIC_CMD'
lt_cv_file_magic_test_file=
lt_cv_ld_exported_symbols_list=yes
lt_cv_ld_force_load=yes
lt_cv_ld_reload_flag=-r
lt_cv_nm_interface='BSD nm'
lt_cv_objdir=.libs
lt_cv_path_LD=/Applications/Xcode.app/Contents/Developer/Toolchains/XcodeDefault.xctoolchain/usr/bin/ld
lt_cv_path_NM=/usr/bin/nm
lt_cv_path_mainfest_tool=no
lt_cv_prog_compiler_c_o=yes
lt_cv_prog_compiler_pic='-fno-common -DPIC'
lt_cv_prog_compiler_pic_works=yes
lt_cv_prog_compiler_rtti_exceptions=yes
lt_cv_prog_compiler_static_works=no
lt_cv_prog_gnu_ld=no
lt_cv_sharedlib_from_linklib_cmd='printf %s\n'
lt_cv_sys_global_symbol_pipe='sed -n -e '\''s/^.*[	 ]\([BCDEGRST][BCDEGRST]*\)[	 ][	 ]*_\([_A-Za-z][_A-Za-z0-9]*\)$/\1 _\2 \2/p'\'' | sed '\''/ __gnu_lto/d'\'''
lt_cv_sys_global_symbol_to_c_name_address='sed -n -e '\''s/^: \(.*\) .*$/  {"\1", (void *) 0},/p'\'' -e '\''s/^[BCDEGRST][BCDEGRST]* .* \(.*\)$/  {"\1", (void *) \&\1},/p'\'''
lt_cv_sys_global_symbol_to_c_name_address_lib_prefix='sed -n -e '\''s/^: \(.*\) .*$/  {"\1", (void *) 0},/p'\'' -e '\''s/^[BCDEGRST][BCDEGRST]* .* \(lib.*\)$/  {"\1", (void *) \&\1},/p'\'' -e '\''s/^[BCDEGRST][BCDEGRST]* .* \(.*\)$/  {"lib\1", (void *) \&\1},/p'\'''
lt_cv_sys_global_symbol_to_cdecl='sed -n -e '\''s/^T .* \(.*\)$/extern int \1();/p'\'' -e '\''s/^[BCDEGRST][BCDEGRST]* .* \(.*\)$/extern char \1;/p'\'''
lt_cv_sys_global_symbol_to_import=
lt_cv_sys_max_cmd_len=196608
lt_cv_to_host_file_cmd=func_convert_file_noop
lt_cv_to_tool_file_cmd=func_convert_file_noop
lt_cv_truncate_bin='/bin/dd bs=4096 count=1'

## ----------------- ##
## Output variables. ##
## ----------------- ##

ACLOCAL='${SHELL} /docs/projects/www/mod_swift/missing aclocal-1.15'
AMDEPBACKSLASH='\'
AMDEP_FALSE='#'
AMDEP_TRUE=''
AMTAR='$${TAR-tar}'
AM_BACKSLASH='\'
AM_DEFAULT_V='$(AM_DEFAULT_VERBOSITY)'
AM_DEFAULT_VERBOSITY='1'
AM_V='$(V)'
AR='ar'
AUTOCONF='${SHELL} /docs/projects/www/mod_swift/missing autoconf'
AUTOHEADER='${SHELL} /docs/projects/www/mod_swift/missing autoheader'
AUTOMAKE='${SHELL} /docs/projects/www/mod_swift/missing automake-1.15'
AWK='awk'
CC='gcc'
CCDEPMODE='depmode=gcc3'
CFLAGS='-g -O2'
CPP='gcc -E'
CPPFLAGS=''
CYGPATH_W='echo'
DEFS='-DHAVE_CONFIG_H'
DEPDIR='.deps'
DLLTOOL='false'
DSYMUTIL='dsymutil'
DUMPBIN=''
ECHO_C='\c'
ECHO_N=''
ECHO_T=''
EGREP='/usr/bin/grep -E'
EXEEXT=''
FGREP='/usr/bin/grep -F'
GREP='/usr/bin/grep'
INSTALL_DATA='${INSTALL} -m 644'
INSTALL_PROGRAM='${INSTALL}'
INSTALL_SCRIPT='${INSTALL}'
INSTALL_STRIP_PROGRAM='$(install_sh) -c -s'
LD='/Applications/Xcode.app/Contents/Developer/Toolchains/XcodeDefault.xctoolchain/usr/bin/ld'
LDFLAGS=''
LIBOBJS=''
LIBS=''
LIBTOOL='$(SHELL) $(top_builddir)/libtool'
LIPO='lipo'
LN_S='ln -s'
LTLIBOBJS=''
LT_SYS_LIBRARY_PATH=''
MAKEINFO='${SHELL} /docs/projects/www/mod_swift/missing makeinfo'
MANIFEST_TOOL=':'
MKDIR_P='./install-sh -c -d'
NM='/usr/bin/nm'
NMEDIT='nmedit'
OBJDUMP='false'
OBJEXT='o'
OTOOL64=':'
OTOOL='otool'
PACKAGE='mod_swift'
PACKAGE_BUGREPORT='mod_swift@surfertank.com'
PACKAGE_NAME='mod_swift'
PACKAGE_STRING='mod_swift 0.1'
PACKAGE_TARNAME='mod_swift'
PACKAGE_URL=''
PACKAGE_VERSION='0.1'
PATH_SEPARATOR=':'
RANLIB='ranlib'
SED='/usr/bin/sed'
SET_MAKE=''
SHELL='/bin/sh'
STRIP='strip'
VERSION='0.1'
ac_ct_AR='ar'
ac_ct_CC='gcc'
ac_ct_DUMPBIN=''
am__EXEEXT_FALSE=''
am__EXEEXT_TRUE='#'
am__fastdepCC_FALSE='#'
am__fastdepCC_TRUE=''
am__include='include'
am__isrc=''
am__leading_dot='.'
am__nodep='_no'
am__quote=''
am__tar='$${TAR-tar} chof - "$$tardir"'
am__untar='$${TAR-tar} xf -'
bindir='${exec_prefix}/bin'
build='x86_64-apple-darwin15.0.0'
build_alias=''
build_cpu='x86_64'
build_os='darwin15.0.0'
build_vendor='apple'
datadir='${datarootdir}'
datarootdir='${prefix}/share'
docdir='${datarootdir}/doc/${PACKAGE_TARNAME}'
dvidir='${docdir}'
exec_prefix='${prefix}'
host='x86_64-apple-darwin15.0.0'
host_alias=''
host_cpu='x86_64'
host_os='darwin15.0.0'
host_vendor='apple'
htmldir='${docdir}'
includedir='${prefix}/include'
infodir='${datarootdir}/info'
install_sh='${SHELL} /docs/projects/www/mod_swift/install-sh'
libdir='${exec_prefix}/lib'
libexecdir='${exec_prefix}/libexec'
localedir='${datarootdir}/locale'
localstatedir='${prefix}/var'
mandir='${datarootdir}/man'
mkdir_p='$(MKDIR_P)'
oldincludedir='/usr/include'
pdfdir='${docdir}'
prefix='/usr/local'
program_transform_name='s,x,x,'
psdir='${docdir}'
sbindir='${exec_prefix}/sbin'
sharedstatedir='${prefix}/com'
sysconfdir='${prefix}/etc'
target_alias=''

## ----------- ##
## confdefs.h. ##
## ----------- ##

/* confdefs.h */
#define PACKAGE_NAME "mod_swift"
#define PACKAGE_TARNAME "mod_swift"
#define PACKAGE_VERSION "0.1"
#define PACKAGE_STRING "mod_swift 0.1"
#define PACKAGE_BUGREPORT "mod_swift@surfertank.com"
#define PACKAGE_URL ""
#define PACKAGE "mod_swift"
#define VERSION "0.1"
#define STDC_HEADERS 1
#define HAVE_SYS_TYPES_H 1
#define HAVE_SYS_STAT_H 1
#define HAVE_STDLIB_H 1
#define HAVE_STRING_H 1
#define HAVE_MEMORY_H 1
#define HAVE_STRINGS_H 1
#define HAVE_INTTYPES_H 1
#define HAVE_STDINT_H 1
#define HAVE_UNISTD_H 1
#define HAVE_DLFCN_H 1
#define LT_OBJDIR ".libs/"

configure: exit 0

## ---------------------- ##
## Running config.status. ##
## ---------------------- ##

This file was extended by mod_swift config.status 0.1, which was
generated by GNU Autoconf 2.69.  Invocation command line was

  CONFIG_FILES    = 
  CONFIG_HEADERS  = 
  CONFIG_LINKS    = 
  CONFIG_COMMANDS = 
  $ ./config.status config.h

on alpha.surfertank.com

config.status:1081: creating config.h
